<?xml version="1.0"?>
<testsuites>
<testsuite xmlns:xsi="http://www.w3.org/2001/XMLSchema-instance" xsi:noNamespaceSchemaLocation="https://maven.apache.org/surefire/maven-surefire-plugin/xsd/surefire-test-report.xsd" name="com.devsu.hackerearth.backend.account.sampleTest" time="0.348" tests="1" errors="1" skipped="0" failures="0">
  
  <properties>
[...]
</properties>
  
  <testcase name="createAccountTest" classname="com.devsu.hackerearth.backend.account.sampleTest" time="0.008">
    
    <error message="Unresolved compilation problems: 
	The import org.junit.jupiter.api.Assertions.asserttha cannot be resolved
	Syntax error, insert &quot;}&quot; to complete ClassBody
" type="java.lang.Error"><![CDATA[java.lang.Error: 
Unresolved compilation problems: 
	The import org.junit.jupiter.api.Assertions.asserttha cannot be resolved
	Syntax error, insert "}" to complete ClassBody

	at com.devsu.hackerearth.backend.account.sampleTest.<init>(sampleTest.java:5)]]></error>
    
    <system-out><![CDATA[21:52:51.183 [main] DEBUG org.springframework.test.context.BootstrapUtils - Instantiating CacheAwareContextLoaderDelegate from class [org.springframework.test.context.cache.DefaultCacheAwareContextLoaderDelegate]
21:52:51.196 [main] DEBUG org.springframework.test.context.BootstrapUtils - Instantiating BootstrapContext using constructor [public org.springframework.test.context.support.DefaultBootstrapContext(java.lang.Class,org.springframework.test.context.CacheAwareContextLoaderDelegate)]
21:52:51.231 [main] DEBUG org.springframework.test.context.BootstrapUtils - Instantiating TestContextBootstrapper for test class [com.devsu.hackerearth.backend.account.sampleTest] from class [org.springframework.boot.test.context.SpringBootTestContextBootstrapper]
21:52:51.242 [main] INFO org.springframework.boot.test.context.SpringBootTestContextBootstrapper - Neither @ContextConfiguration nor @ContextHierarchy found for test class [com.devsu.hackerearth.backend.account.sampleTest], using SpringBootContextLoader
21:52:51.245 [main] DEBUG org.springframework.test.context.support.AbstractContextLoader - Did not detect default resource location for test class [com.devsu.hackerearth.backend.account.sampleTest]: class path resource [com/devsu/hackerearth/backend/account/sampleTest-context.xml] does not exist
21:52:51.246 [main] DEBUG org.springframework.test.context.support.AbstractContextLoader - Did not detect default resource location for test class [com.devsu.hackerearth.backend.account.sampleTest]: class path resource [com/devsu/hackerearth/backend/account/sampleTestContext.groovy] does not exist
21:52:51.246 [main] INFO org.springframework.test.context.support.AbstractContextLoader - Could not detect default resource locations for test class [com.devsu.hackerearth.backend.account.sampleTest]: no resource found for suffixes {-context.xml, Context.groovy}.
21:52:51.247 [main] INFO org.springframework.test.context.support.AnnotationConfigContextLoaderUtils - Could not detect default configuration classes for test class [com.devsu.hackerearth.backend.account.sampleTest]: sampleTest does not declare any static, non-private, non-final, nested classes annotated with @Configuration.
21:52:51.287 [main] DEBUG org.springframework.test.context.support.ActiveProfilesUtils - Could not find an 'annotation declaring class' for annotation type [org.springframework.test.context.ActiveProfiles] and class [com.devsu.hackerearth.backend.account.sampleTest]
21:52:51.344 [main] DEBUG org.springframework.context.annotation.ClassPathScanningCandidateComponentProvider - Identified candidate component class: file [/home/project/Microservices/BankApplication/account/target/classes/com/devsu/hackerearth/backend/account/AccountApplication.class]
21:52:51.345 [main] INFO org.springframework.boot.test.context.SpringBootTestContextBootstrapper - Found @SpringBootConfiguration com.devsu.hackerearth.backend.account.AccountApplication for test class com.devsu.hackerearth.backend.account.sampleTest
21:52:51.421 [main] DEBUG org.springframework.boot.test.context.SpringBootTestContextBootstrapper - @TestExecutionListeners is not present for class [com.devsu.hackerearth.backend.account.sampleTest]: using defaults.
21:52:51.422 [main] INFO org.springframework.boot.test.context.SpringBootTestContextBootstrapper - Loaded default TestExecutionListener class names from location [META-INF/spring.factories]: [org.springframework.boot.test.mock.mockito.MockitoTestExecutionListener, org.springframework.boot.test.mock.mockito.ResetMocksTestExecutionListener, org.springframework.boot.test.autoconfigure.restdocs.RestDocsTestExecutionListener, org.springframework.boot.test.autoconfigure.web.client.MockRestServiceServerResetTestExecutionListener, org.springframework.boot.test.autoconfigure.web.servlet.MockMvcPrintOnlyOnFailureTestExecutionListener, org.springframework.boot.test.autoconfigure.web.servlet.WebDriverTestExecutionListener, org.springframework.boot.test.autoconfigure.webservices.client.MockWebServiceServerTestExecutionListener, org.springframework.test.context.web.ServletTestExecutionListener, org.springframework.test.context.support.DirtiesContextBeforeModesTestExecutionListener, org.springframework.test.context.event.ApplicationEventsTestExecutionListener, org.springframework.test.context.support.DependencyInjectionTestExecutionListener, org.springframework.test.context.support.DirtiesContextTestExecutionListener, org.springframework.test.context.transaction.TransactionalTestExecutionListener, org.springframework.test.context.jdbc.SqlScriptsTestExecutionListener, org.springframework.test.context.event.EventPublishingTestExecutionListener]
21:52:51.435 [main] INFO org.springframework.boot.test.context.SpringBootTestContextBootstrapper - Using TestExecutionListeners: [org.springframework.test.context.web.ServletTestExecutionListener@6bf08014, org.springframework.test.context.support.DirtiesContextBeforeModesTestExecutionListener@5e3d57c7, org.springframework.test.context.event.ApplicationEventsTestExecutionListener@732d0d24, org.springframework.boot.test.mock.mockito.MockitoTestExecutionListener@1fb19a0, org.springframework.boot.test.autoconfigure.SpringBootDependencyInjectionTestExecutionListener@6ee4d9ab, org.springframework.test.context.support.DirtiesContextTestExecutionListener@5a5338df, org.springframework.test.context.transaction.TransactionalTestExecutionListener@418c5a9c, org.springframework.test.context.jdbc.SqlScriptsTestExecutionListener@18e36d14, org.springframework.test.context.event.EventPublishingTestExecutionListener@5082d622, org.springframework.boot.test.mock.mockito.ResetMocksTestExecutionListener@13d4992d, org.springframework.boot.test.autoconfigure.restdocs.RestDocsTestExecutionListener@302f7971, org.springframework.boot.test.autoconfigure.web.client.MockRestServiceServerResetTestExecutionListener@332729ad, org.springframework.boot.test.autoconfigure.web.servlet.MockMvcPrintOnlyOnFailureTestExecutionListener@75d2da2d, org.springframework.boot.test.autoconfigure.web.servlet.WebDriverTestExecutionListener@4278284b, org.springframework.boot.test.autoconfigure.webservices.client.MockWebServiceServerTestExecutionListener@9573584]
21:52:51.438 [main] DEBUG org.springframework.test.context.support.AbstractDirtiesContextTestExecutionListener - Before test class: context [DefaultTestContext@7d286fb6 testClass = sampleTest, testInstance = [null], testMethod = [null], testException = [null], mergedContextConfiguration = [WebMergedContextConfiguration@3eb77ea8 testClass = sampleTest, locations = '{}', classes = '{class com.devsu.hackerearth.backend.account.AccountApplication}', contextInitializerClasses = '[]', activeProfiles = '{}', propertySourceLocations = '{}', propertySourceProperties = '{org.springframework.boot.test.context.SpringBootTestContextBootstrapper=true}', contextCustomizers = set[org.springframework.boot.test.context.filter.ExcludeFilterContextCustomizer@152aa092, org.springframework.boot.test.json.DuplicateJsonObjectContextCustomizerFactory$DuplicateJsonObjectContextCustomizer@776b83cc, org.springframework.boot.test.mock.mockito.MockitoContextCustomizer@0, org.springframework.boot.test.web.client.TestRestTemplateContextCustomizer@503d687a, org.springframework.boot.test.autoconfigure.actuate.metrics.MetricsExportContextCustomizerFactory$DisableMetricExportContextCustomizer@7690781, org.springframework.boot.test.autoconfigure.properties.PropertyMappingContextCustomizer@0, org.springframework.boot.test.autoconfigure.web.servlet.WebDriverContextCustomizerFactory$Customizer@53976f5c, org.springframework.boot.test.context.SpringBootTestArgs@1, org.springframework.boot.test.context.SpringBootTestWebEnvironment@2a17b7b6], resourceBasePath = 'src/main/webapp', contextLoader = 'org.springframework.boot.test.context.SpringBootContextLoader', parent = [null]], attributes = map['org.springframework.test.context.web.ServletTestExecutionListener.activateListener' -> true]], class annotated with @DirtiesContext [false] with mode [null].]]></system-out>
    
  </testcase>
  
</testsuite>
<testsuite xmlns:xsi="http://www.w3.org/2001/XMLSchema-instance" xsi:noNamespaceSchemaLocation="https://maven.apache.org/surefire/maven-surefire-plugin/xsd/surefire-test-report.xsd" name="com.devsu.hackerearth.backend.client.sampleTest" time="5.118" tests="2" errors="0" skipped="0" failures="0">
  
  <properties>
[...]
</properties>
  
  <testcase name="createClientTest" classname="com.devsu.hackerearth.backend.client.sampleTest" time="0.039"/>
  
  <testcase name="testGetClient" classname="com.devsu.hackerearth.backend.client.sampleTest" time="0.322"/>
  
</testsuite>
</testsuites>